{
  "stats": {
    "suites": 1,
    "tests": 1,
    "passes": 1,
    "pending": 0,
    "failures": 0,
    "start": "2024-10-29T04:39:52.485Z",
    "end": "2024-10-29T04:39:57.716Z",
    "duration": 5231,
    "testsRegistered": 1,
    "passPercent": 100,
    "pendingPercent": 0,
    "other": 0,
    "hasOther": false,
    "skipped": 0,
    "hasSkipped": false
  },
  "results": [
    {
      "uuid": "b673251c-021f-4389-bbfe-659ea49d58b6",
      "title": "",
      "fullFile": "cypress\\e2e\\fundamentals.cy.js",
      "file": "cypress\\e2e\\fundamentals.cy.js",
      "beforeHooks": [],
      "afterHooks": [],
      "tests": [],
      "suites": [
        {
          "uuid": "122adbfe-3a03-41bf-8308-4b89c29979be",
          "title": "template spec",
          "fullFile": "",
          "file": "",
          "beforeHooks": [],
          "afterHooks": [],
          "tests": [
            {
              "title": "passes",
              "fullTitle": "template spec passes",
              "timedOut": null,
              "duration": 2194,
              "state": "passed",
              "speed": "fast",
              "pass": true,
              "fail": false,
              "pending": false,
              "context": null,
              "code": "cy.visit('https://example.cypress.io');",
              "err": {},
              "uuid": "24d85fbd-90ce-46a0-af87-0834e8ad1de2",
              "parentUUID": "122adbfe-3a03-41bf-8308-4b89c29979be",
              "isHook": false,
              "skipped": false
            }
          ],
          "suites": [],
          "passes": [
            "24d85fbd-90ce-46a0-af87-0834e8ad1de2"
          ],
          "failures": [],
          "pending": [],
          "skipped": [],
          "duration": 2194,
          "root": false,
          "rootEmpty": false,
          "_timeout": 2000
        }
      ],
      "passes": [],
      "failures": [],
      "pending": [],
      "skipped": [],
      "duration": 0,
      "root": true,
      "rootEmpty": true,
      "_timeout": 2000
    }
  ],
  "meta": {
    "mocha": {
      "version": "7.0.1"
    },
    "mochawesome": {
      "options": {
        "quiet": false,
        "reportFilename": "mochawesome",
        "saveHtml": true,
        "saveJson": true,
        "consoleReporter": "spec",
        "useInlineDiffs": false,
        "code": true
      },
      "version": "7.1.3"
    },
    "marge": {
      "options": {
        "id": "default",
        "reportDir": "cypress/reports",
        "overwrite": false,
        "html": true,
        "json": true,
        "toConsole": true
      },
      "version": "6.2.0"
    }
  }
}